This is pdfTeX, Version 3.14159265-2.6-1.40.21 (MiKTeX 20.12) (preloaded format=pdflatex 2020.11.2)  13 JAN 2021 13:21
entering extended mode
**./example.tex
(example.tex
LaTeX2e <2020-10-01> patch level 1
L3 programming layer <2020-10-05> xparse <2020-03-03>
(/localhome/raya/.miktex/texmfs/install/tex/latex/base/article.cls
Document Class: article 2020/04/10 v1.4m Standard LaTeX document class
(/localhome/raya/.miktex/texmfs/install/tex/latex/base/size12.clo
File: size12.clo 2020/04/10 v1.4m Standard LaTeX file (size option)
)
\c@part=\count175
\c@section=\count176
\c@subsection=\count177
\c@subsubsection=\count178
\c@paragraph=\count179
\c@subparagraph=\count180
\c@figure=\count181
\c@table=\count182
\abovecaptionskip=\skip47
\belowcaptionskip=\skip48
\bibindent=\dimen138
)
(/localhome/raya/.miktex/texmfs/install/tex/latex/base/inputenc.sty
Package: inputenc 2020/08/01 v1.3d Input encoding file
\inpenc@prehook=\toks15
\inpenc@posthook=\toks16
)
(/localhome/raya/.miktex/texmfs/install/tex/latex/base/fontenc.sty
Package: fontenc 2020/08/10 v2.0s Standard LaTeX package
)
(/localhome/raya/.miktex/texmfs/install/tex/generic/babel/babel.sty
Package: babel 2020/10/06 3.50 The Babel package

(/localhome/raya/.miktex/texmfs/install/tex/generic/babel/babel.def
File: babel.def 2020/10/06 3.50 Babel common definitions
\babel@savecnt=\count183
\U@D=\dimen139
\l@babelnohyphens=\language1

(/localhome/raya/.miktex/texmfs/install/tex/generic/babel/txtbabel.def)
\bbl@readstream=\read2
)
\bbl@dirlevel=\count184

*************************************
* Local config file bblopts.cfg used
*
(/localhome/raya/.miktex/texmfs/install/tex/latex/arabi/bblopts.cfg
File: bblopts.cfg 2005/09/08 v0.1 add Arabic and Farsi to "declared" options of
 babel
)
(/localhome/raya/.miktex/texmfs/install/tex/latex/babel-english/english.ldf
Language: english 2017/06/06 v3.3r English support from the babel system
))
(/localhome/raya/.miktex/texmfs/install/tex/latex/amsfonts/amsfonts.sty
Package: amsfonts 2013/01/14 v3.01 Basic AMSFonts support
\@emptytoks=\toks17
\symAMSa=\mathgroup4
\symAMSb=\mathgroup5
LaTeX Font Info:    Redeclaring math symbol \hbar on input line 98.
LaTeX Font Info:    Overwriting math alphabet `\mathfrak' in version `bold'
(Font)                  U/euf/m/n --> U/euf/b/n on input line 106.
)
(/localhome/raya/.miktex/texmfs/install/tex/latex/amsmath/amsmath.sty
Package: amsmath 2020/09/23 v2.17i AMS math features
\@mathmargin=\skip49

For additional information on amsmath, use the `?' option.
(/localhome/raya/.miktex/texmfs/install/tex/latex/amsmath/amstext.sty
Package: amstext 2000/06/29 v2.01 AMS text

(/localhome/raya/.miktex/texmfs/install/tex/latex/amsmath/amsgen.sty
File: amsgen.sty 1999/11/30 v2.0 generic functions
\@emptytoks=\toks18
\ex@=\dimen140
))
(/localhome/raya/.miktex/texmfs/install/tex/latex/amsmath/amsbsy.sty
Package: amsbsy 1999/11/29 v1.2d Bold Symbols
\pmbraise@=\dimen141
)
(/localhome/raya/.miktex/texmfs/install/tex/latex/amsmath/amsopn.sty
Package: amsopn 2016/03/08 v2.02 operator names
)
\inf@bad=\count185
LaTeX Info: Redefining \frac on input line 234.
\uproot@=\count186
\leftroot@=\count187
LaTeX Info: Redefining \overline on input line 399.
\classnum@=\count188
\DOTSCASE@=\count189
LaTeX Info: Redefining \ldots on input line 496.
LaTeX Info: Redefining \dots on input line 499.
LaTeX Info: Redefining \cdots on input line 620.
\Mathstrutbox@=\box47
\strutbox@=\box48
\big@size=\dimen142
LaTeX Font Info:    Redeclaring font encoding OML on input line 743.
LaTeX Font Info:    Redeclaring font encoding OMS on input line 744.
\macc@depth=\count190
\c@MaxMatrixCols=\count191
\dotsspace@=\muskip16
\c@parentequation=\count192
\dspbrk@lvl=\count193
\tag@help=\toks19
\row@=\count194
\column@=\count195
\maxfields@=\count196
\andhelp@=\toks20
\eqnshift@=\dimen143
\alignsep@=\dimen144
\tagshift@=\dimen145
\tagwidth@=\dimen146
\totwidth@=\dimen147
\lineht@=\dimen148
\@envbody=\toks21
\multlinegap=\skip50
\multlinetaggap=\skip51
\mathdisplay@stack=\toks22
LaTeX Info: Redefining \[ on input line 2923.
LaTeX Info: Redefining \] on input line 2924.
)
(/localhome/raya/.miktex/texmfs/install/tex/latex/natbib/natbib.sty
Package: natbib 2010/09/13 8.31b (PWD, AO)
\bibhang=\skip52
\bibsep=\skip53
LaTeX Info: Redefining \cite on input line 694.
\c@NAT@ctr=\count197
)
(/localhome/raya/.miktex/texmfs/install/tex/latex/graphics/graphicx.sty
Package: graphicx 2020/09/09 v1.2b Enhanced LaTeX Graphics (DPC,SPQR)

(/localhome/raya/.miktex/texmfs/install/tex/latex/graphics/keyval.sty
Package: keyval 2014/10/28 v1.15 key=value parser (DPC)
\KV@toks@=\toks23
)
(/localhome/raya/.miktex/texmfs/install/tex/latex/graphics/graphics.sty
Package: graphics 2020/08/30 v1.4c Standard LaTeX Graphics (DPC,SPQR)

(/localhome/raya/.miktex/texmfs/install/tex/latex/graphics/trig.sty
Package: trig 2016/01/03 v1.10 sin cos tan (DPC)
)
(/localhome/raya/.miktex/texmfs/install/tex/latex/graphics-cfg/graphics.cfg
File: graphics.cfg 2016/06/04 v1.11 sample graphics configuration
)
Package graphics Info: Driver file: pdftex.def on input line 105.

(/localhome/raya/.miktex/texmfs/install/tex/latex/graphics-def/pdftex.def
File: pdftex.def 2020/10/05 v1.2a Graphics/color driver for pdftex
))
\Gin@req@height=\dimen149
\Gin@req@width=\dimen150
)
(/localhome/raya/.miktex/texmfs/install/tex/latex/amscls/amsthm.sty
Package: amsthm 2020/05/29 v2.20.6
\thm@style=\toks24
\thm@bodyfont=\toks25
\thm@headfont=\toks26
\thm@notefont=\toks27
\thm@headpunct=\toks28
\thm@preskip=\skip54
\thm@postskip=\skip55
\thm@headsep=\skip56
\dth@everypar=\toks29
)
\c@theorem=\count198
\c@definition=\count199
\c@proposition=\count266
\c@corollary=\count267
\c@notation=\count268

(/localhome/raya/.miktex/texmfs/install/tex/latex/parskip/parskip.sty
Package: parskip 2020-06-15 v2.0f non-zero parskip adjustments

(/localhome/raya/.miktex/texmfs/install/tex/latex/kvoptions/kvoptions.sty
Package: kvoptions 2019/11/29 v3.13 Key value format for package options (HO)

(/localhome/raya/.miktex/texmfs/install/tex/generic/ltxcmds/ltxcmds.sty
Package: ltxcmds 2020-05-10 v1.25 LaTeX kernel commands for general use (HO)
)
(/localhome/raya/.miktex/texmfs/install/tex/generic/kvsetkeys/kvsetkeys.sty
Package: kvsetkeys 2019/12/15 v1.18 Key value parser (HO)
))
(/localhome/raya/.miktex/texmfs/install/tex/latex/etoolbox/etoolbox.sty
Package: etoolbox 2020/10/05 v2.5k e-TeX tools for LaTeX (JAW)
\etb@tempcnta=\count269
))
(/localhome/raya/.miktex/texmfs/install/tex/latex/float/float.sty
Package: float 2001/11/08 v1.3d Float enhancements (AL)
\c@float@type=\count270
\float@exts=\toks30
\float@box=\box49
\@float@everytoks=\toks31
\@floatcapt=\box50
)
(/localhome/raya/.miktex/texmfs/install/tex/latex/l3backend/l3backend-pdftex.de
f
File: l3backend-pdftex.def 2020-09-24 L3 backend support: PDF output (pdfTeX)
\l__kernel_color_stack_int=\count271
\l__pdf_internal_box=\box51
) (example.aux)
\openout1 = `example.aux'.

LaTeX Font Info:    Checking defaults for OML/cmm/m/it on input line 42.
LaTeX Font Info:    ... okay on input line 42.
LaTeX Font Info:    Checking defaults for OMS/cmsy/m/n on input line 42.
LaTeX Font Info:    ... okay on input line 42.
LaTeX Font Info:    Checking defaults for OT1/cmr/m/n on input line 42.
LaTeX Font Info:    ... okay on input line 42.
LaTeX Font Info:    Checking defaults for T1/cmr/m/n on input line 42.
LaTeX Font Info:    ... okay on input line 42.
LaTeX Font Info:    Checking defaults for TS1/cmr/m/n on input line 42.
LaTeX Font Info:    ... okay on input line 42.
LaTeX Font Info:    Checking defaults for OMX/cmex/m/n on input line 42.
LaTeX Font Info:    ... okay on input line 42.
LaTeX Font Info:    Checking defaults for U/cmr/m/n on input line 42.
LaTeX Font Info:    ... okay on input line 42.

(/localhome/raya/.miktex/texmfs/install/tex/context/base/mkii/supp-pdf.mkii
[Loading MPS to PDF converter (version 2006.09.02).]
\scratchcounter=\count272
\scratchdimen=\dimen151
\scratchbox=\box52
\nofMPsegments=\count273
\nofMParguments=\count274
\everyMPshowfont=\toks32
\MPscratchCnt=\count275
\MPscratchDim=\dimen152
\MPnumerator=\count276
\makeMPintoPDFobject=\count277
\everyMPtoPDFconversion=\toks33
)
(/localhome/raya/.miktex/texmfs/install/tex/latex/epstopdf-pkg/epstopdf-base.st
y
Package: epstopdf-base 2020-01-24 v2.11 Base part for package epstopdf
Package epstopdf-base Info: Redefining graphics rule for `.eps' on input line 4
85.
) (intro/intro.tex
Underfull \hbox (badness 10000) in paragraph at lines 5--5

 []

LaTeX Font Info:    Trying to load font information for U+msa on input line 11.

(/localhome/raya/.miktex/texmfs/install/tex/latex/amsfonts/umsa.fd
File: umsa.fd 2013/01/14 v3.01 AMS symbols A
)
LaTeX Font Info:    Trying to load font information for U+msb on input line 11.


(/localhome/raya/.miktex/texmfs/install/tex/latex/amsfonts/umsb.fd
File: umsb.fd 2013/01/14 v3.01 AMS symbols B
) [1

{/localhome/raya/.miktex/texmfs/data/pdftex/config/pdftex.map}]) [2] (basic/bas
ic.tex
Overfull \hbox (3.84526pt too wide) in paragraph at lines 8--9
\T1/cmr/m/n/12 A function $\OML/cmm/m/it/12 f$ \T1/cmr/m/n/12 is defined from a
 relation $\OML/cmm/m/it/12 R$ \T1/cmr/m/n/12 by $\OML/cmm/m/it/12 $\T1/cmr/m/
n/12 -recursion if $\OML/cmm/m/it/12 f\OT1/cmr/m/n/12 ([]) \OMS/cmsy/m/n/12 ' \
OML/cmm/m/it/12 y:R\OT1/cmr/m/n/12 ([]\OML/cmm/m/it/12 ; y\OT1/cmr/m/n/12 )$\T
1/cmr/m/n/12 . 
 []

[3]
Overfull \hbox (7.08844pt too wide) in paragraph at lines 67--68
\T1/cmr/m/n/12 function $\OML/cmm/m/it/12 $\T1/cmr/m/n/12 . The theorem says t
hat we can compute a program $\OML/cmm/m/it/12 S[]\OT1/cmr/m/n/12 (\OML/cmm/m/i
t/12 e; x[]; [] ; x[]\OT1/cmr/m/n/12 )$
 []


Overfull \hbox (14.7589pt too wide) in paragraph at lines 69--70
\T1/cmr/m/n/12 the equation $\OML/cmm/m/it/12 \OT1/cmr/m/n/12 (\OML/cmm/m/it/1
2 y[]; [] ; y[]\OT1/cmr/m/n/12 ) \OMS/cmsy/m/n/12 ' \OML/cmm/m/it/12  \OT1/cmr/
m/n/12 (\OML/cmm/m/it/12 C[]; [] ; C[]; y[]; [] ; y[]\OT1/cmr/m/n/12 )$ \T1/cmr
/m/n/12 (recall the computation
 []

[4] [5] [6] [7] [8]
Overfull \hbox (11.42545pt too wide) in paragraph at lines 210--211
[]\T1/cmr/m/n/12 This happens in contrast with partial recursive and primitive 
recursive functions
 []


Overfull \hbox (2.8285pt too wide) in paragraph at lines 228--229
[]\T1/cmr/m/n/12 Another reformulation is the undecidability of the halting pro
gram. Originally
 []

[9]
Overfull \hbox (20.04013pt too wide) in paragraph at lines 244--245
[]\T1/cmr/m/n/12 Complete recursivity denotes those sets of programs for which 
decision procedures
 []


Overfull \hbox (8.09854pt too wide) in paragraph at lines 244--245
\T1/cmr/m/n/12 exists, i.e. procedures that will find them and rule out any oth
er program. 
 []


Overfull \hbox (5.71294pt too wide) in paragraph at lines 253--254
[]\T1/cmr/m/n/12 For sufficiently complicated programs, the program itself is i
ts best description.
 []


Overfull \hbox (19.06215pt too wide) in paragraph at lines 258--259
\T1/cmr/m/n/12 The following theorem shows that $\OMS/cmsy/m/n/12 P$ \T1/cmr/m/
n/12 has a built-in defense against diagonalization
 []

[10]
Overfull \hbox (9.31535pt too wide) in paragraph at lines 276--277
[]$\OML/cmm/m/it/12  $ \T1/cmr/m/n/12 satisfies parametrization if $\OMS/cmsy/m
/n/12 8\OML/cmm/m/it/12 m; n:\OMS/cmsy/m/n/12 9\OML/cmm/m/it/12 s[]: []\OT1/cmr
/m/n/12 (\OML/cmm/m/it/12 y[]; [] ; y[]\OT1/cmr/m/n/12 ) \OMS/cmsy/m/n/12 '
 []


Overfull \hbox (31.34164pt too wide) in paragraph at lines 284--285
\T1/cmr/m/n/12 A system of indices is acceptable $ \OMS/cmsy/m/n/12 ([]) $ \T1/
cmr/m/n/12 it satisfies enumeration and parametrization. 
 []

) [11] [12] (observe/observe.tex) (example.bbl

Package natbib Warning: Empty `thebibliography' environment on input line 8.

) [13] (example.aux) ) 
Here is how much of TeX's memory you used:
 4083 strings out of 482164
 55885 string characters out of 2931716
 351491 words of memory out of 3000000
 20325 multiletter control sequences out of 15000+200000
 546912 words of font info for 57 fonts, out of 3000000 for 9000
 0 hyphenation exceptions out of 8191
 60i,14n,66p,944b,210s stack positions out of 5000i,500n,10000p,200000b,50000s
 </localhome/raya/.miktex/texmfs/data/fonts/pk/ljfour/jkn
appen/ec/dpi600/ecti1200.pk> </localhome/raya/.miktex/texmfs/data/fonts/pk/ljfo
ur/jknappen/ec/dpi600/tcrm1200.pk> </localhome/raya/.miktex/texmfs/data/fonts/p
k/ljfour/jknappen/ec/dpi600/ecrm1200.pk> </localhome/raya/.miktex/texmfs/data/f
onts/pk/ljfour/jknappen/ec/dpi600/ecbx1200.pk> </localhome/raya/.miktex/texmfs/
data/fonts/pk/ljfour/jknappen/ec/dpi600/ecbx1440.pk> </localhome/raya/.miktex/t
exmfs/data/fonts/pk/ljfour/jknappen/ec/dpi600/ecbx1728.pk></localhome/raya/.mik
tex/texmfs/install/fonts/type1/public/amsfonts/cm/cmex10.pfb></localhome/raya/.
miktex/texmfs/install/fonts/type1/public/amsfonts/cm/cmmi12.pfb></localhome/ray
a/.miktex/texmfs/install/fonts/type1/public/amsfonts/cm/cmmi6.pfb></localhome/r
aya/.miktex/texmfs/install/fonts/type1/public/amsfonts/cm/cmmi8.pfb></localhome
/raya/.miktex/texmfs/install/fonts/type1/public/amsfonts/cm/cmr12.pfb></localho
me/raya/.miktex/texmfs/install/fonts/type1/public/amsfonts/cm/cmr6.pfb></localh
ome/raya/.miktex/texmfs/install/fonts/type1/public/amsfonts/cm/cmr8.pfb></local
home/raya/.miktex/texmfs/install/fonts/type1/public/amsfonts/cm/cmsy10.pfb></lo
calhome/raya/.miktex/texmfs/install/fonts/type1/public/amsfonts/cm/cmsy8.pfb></
localhome/raya/.miktex/texmfs/install/fonts/type1/public/amsfonts/symbols/msbm1
0.pfb>
Output written on example.pdf (13 pages, 188961 bytes).
PDF statistics:
 301 PDF objects out of 1000 (max. 8388607)
 0 named destinations out of 1000 (max. 500000)
 1 words of extra memory for PDF output out of 10000 (max. 10000000)

